{
  "stats": {
    "suites": 0,
    "tests": 1,
    "passes": 1,
    "pending": 0,
    "failures": 0,
    "start": "2023-04-17T01:51:29.501Z",
    "end": "2023-04-17T01:51:44.584Z",
    "duration": 15083,
    "testsRegistered": 1,
    "passPercent": 100,
    "pendingPercent": 0,
    "other": 0,
    "hasOther": false,
    "skipped": 0,
    "hasSkipped": false
  },
  "results": [
    {
      "uuid": "fc9ac856-7972-4ec6-8fc4-11320a244377",
      "title": "",
      "fullFile": "cypress/e2e/test.cy.js",
      "file": "cypress/e2e/test.cy.js",
      "beforeHooks": [],
      "afterHooks": [],
      "tests": [
        {
          "title": "Google Search",
          "fullTitle": "Google Search",
          "timedOut": null,
          "duration": 13734,
          "state": "passed",
          "speed": "slow",
          "pass": true,
          "fail": false,
          "pending": false,
          "context": null,
          "code": "cy.visit('https://google.com');\ncy.get('#APjFqb', {\n  timeout: 5000\n}).type('Automation step by step {Enter}');\n// cy.contains('Google Search').click()\ncy.wait(5000);\ncy.contains('Videos').click();",
          "err": {},
          "uuid": "7ba85941-869d-4d87-87e6-d2ca7b1cb8f3",
          "parentUUID": "fc9ac856-7972-4ec6-8fc4-11320a244377",
          "isHook": false,
          "skipped": false
        }
      ],
      "suites": [],
      "passes": [
        "7ba85941-869d-4d87-87e6-d2ca7b1cb8f3"
      ],
      "failures": [],
      "pending": [],
      "skipped": [],
      "duration": 13734,
      "root": true,
      "rootEmpty": false,
      "_timeout": 2000
    }
  ],
  "meta": {
    "mocha": {
      "version": "7.0.1"
    },
    "mochawesome": {
      "options": {
        "quiet": false,
        "reportFilename": "mochawesome",
        "saveHtml": true,
        "saveJson": true,
        "consoleReporter": "spec",
        "useInlineDiffs": false,
        "code": true
      },
      "version": "7.1.3"
    },
    "marge": {
      "options": null,
      "version": "6.2.0"
    }
  }
}